__  ____  __  _____   ___  __ ____  ______ 
 --/ __ \/ / / / _ | / _ \/ //_/ / / / __/ 
 -/ /_/ / /_/ / __ |/ , _/ ,< / /_/ /\ \   
--\___\_\____/_/ |_/_/|_/_/|_|\____/___/   
2020-11-04 10:42:54,517 DEBUG [org.jbo.logging] (main) Logging Provider: org.jboss.logging.JBossLogManagerProvider
2020-11-04 10:42:54,724 DEBUG [io.qua.arc.impl] (main) ArC DI container initialized [beans=15, observers=0]
2020-11-04 10:42:54,785 DEBUG [io.qua.res.runtime] (main) Create constructor: public org.jboss.resteasy.plugins.providers.sse.SseEventOutputProvider()
2020-11-04 10:42:54,787 DEBUG [io.qua.arc.run.ArcRecorder] (main) No matching bean found for type class org.jboss.resteasy.plugins.providers.sse.SseEventOutputProvider and qualifiers []. The bean might have been marked as unused and removed during build.
2020-11-04 10:42:54,792 DEBUG [io.qua.res.runtime] (main) Create constructor: public org.jboss.resteasy.plugins.providers.sse.SseEventOutputProvider()
2020-11-04 10:42:54,792 DEBUG [io.qua.arc.run.ArcRecorder] (main) No matching bean found for type class org.jboss.resteasy.plugins.providers.sse.SseEventOutputProvider and qualifiers []. The bean might have been marked as unused and removed during build.
2020-11-04 10:42:54,796 DEBUG [io.qua.res.runtime] (main) Create constructor: public org.jboss.resteasy.plugins.providers.DefaultTextPlain()
2020-11-04 10:42:54,796 DEBUG [io.qua.arc.run.ArcRecorder] (main) No matching bean found for type class org.jboss.resteasy.plugins.providers.DefaultTextPlain and qualifiers []. The bean might have been marked as unused and removed during build.
2020-11-04 10:42:54,797 DEBUG [io.qua.res.runtime] (main) Create constructor: public org.jboss.resteasy.plugins.providers.DefaultTextPlain()
2020-11-04 10:42:54,797 DEBUG [io.qua.arc.run.ArcRecorder] (main) No matching bean found for type class org.jboss.resteasy.plugins.providers.DefaultTextPlain and qualifiers []. The bean might have been marked as unused and removed during build.
2020-11-04 10:42:54,798 DEBUG [io.qua.res.runtime] (main) Create constructor: public org.jboss.resteasy.plugins.providers.DefaultTextPlain()
2020-11-04 10:42:54,798 DEBUG [io.qua.arc.run.ArcRecorder] (main) No matching bean found for type class org.jboss.resteasy.plugins.providers.DefaultTextPlain and qualifiers []. The bean might have been marked as unused and removed during build.
2020-11-04 10:42:54,798 DEBUG [io.qua.res.runtime] (main) Create constructor: public org.jboss.resteasy.plugins.providers.DefaultTextPlain()
2020-11-04 10:42:54,798 DEBUG [io.qua.arc.run.ArcRecorder] (main) No matching bean found for type class org.jboss.resteasy.plugins.providers.DefaultTextPlain and qualifiers []. The bean might have been marked as unused and removed during build.
2020-11-04 10:42:54,798 DEBUG [io.qua.res.runtime] (main) Create constructor: public io.quarkus.resteasy.runtime.vertx.JsonObjectWriter()
2020-11-04 10:42:54,799 DEBUG [io.qua.arc.run.ArcRecorder] (main) No matching bean found for type class io.quarkus.resteasy.runtime.vertx.JsonObjectWriter and qualifiers []. The bean might have been marked as unused and removed during build.
2020-11-04 10:42:54,800 DEBUG [io.qua.res.runtime] (main) Create constructor: public io.quarkus.resteasy.runtime.vertx.JsonObjectWriter()
2020-11-04 10:42:54,800 DEBUG [io.qua.arc.run.ArcRecorder] (main) No matching bean found for type class io.quarkus.resteasy.runtime.vertx.JsonObjectWriter and qualifiers []. The bean might have been marked as unused and removed during build.
2020-11-04 10:42:54,800 DEBUG [io.qua.res.runtime] (main) Create constructor: public org.jboss.resteasy.plugins.providers.ReactiveStreamProvider()
2020-11-04 10:42:54,800 DEBUG [io.qua.arc.run.ArcRecorder] (main) No matching bean found for type class org.jboss.resteasy.plugins.providers.ReactiveStreamProvider and qualifiers []. The bean might have been marked as unused and removed during build.
2020-11-04 10:42:54,801 DEBUG [io.qua.res.runtime] (main) Create constructor: public org.jboss.resteasy.plugins.interceptors.CacheControlFeature()
2020-11-04 10:42:54,801 DEBUG [io.qua.arc.run.ArcRecorder] (main) No matching bean found for type class org.jboss.resteasy.plugins.interceptors.CacheControlFeature and qualifiers []. The bean might have been marked as unused and removed during build.
2020-11-04 10:42:54,801 DEBUG [io.qua.res.runtime] (main) Create constructor: public org.jboss.resteasy.plugins.interceptors.CacheControlFeature()
2020-11-04 10:42:54,801 DEBUG [io.qua.arc.run.ArcRecorder] (main) No matching bean found for type class org.jboss.resteasy.plugins.interceptors.CacheControlFeature and qualifiers []. The bean might have been marked as unused and removed during build.
2020-11-04 10:42:54,803 DEBUG [io.qua.res.runtime] (main) Create constructor: public org.jboss.resteasy.plugins.interceptors.ServerContentEncodingAnnotationFeature()
2020-11-04 10:42:54,803 DEBUG [io.qua.arc.run.ArcRecorder] (main) No matching bean found for type class org.jboss.resteasy.plugins.interceptors.ServerContentEncodingAnnotationFeature and qualifiers []. The bean might have been marked as unused and removed during build.
2020-11-04 10:42:54,804 DEBUG [io.qua.res.runtime] (main) Create constructor: public org.jboss.resteasy.plugins.providers.CompletionStageProvider()
2020-11-04 10:42:54,804 DEBUG [io.qua.arc.run.ArcRecorder] (main) No matching bean found for type class org.jboss.resteasy.plugins.providers.CompletionStageProvider and qualifiers []. The bean might have been marked as unused and removed during build.
2020-11-04 10:42:54,804 DEBUG [io.qua.res.runtime] (main) Create constructor: public org.jboss.resteasy.plugins.interceptors.ClientContentEncodingAnnotationFeature()
2020-11-04 10:42:54,804 DEBUG [io.qua.arc.run.ArcRecorder] (main) No matching bean found for type class org.jboss.resteasy.plugins.interceptors.ClientContentEncodingAnnotationFeature and qualifiers []. The bean might have been marked as unused and removed during build.
2020-11-04 10:42:54,805 DEBUG [io.qua.res.runtime] (main) Create constructor: public org.jboss.resteasy.plugins.providers.DefaultNumberWriter()
2020-11-04 10:42:54,805 DEBUG [io.qua.arc.run.ArcRecorder] (main) No matching bean found for type class org.jboss.resteasy.plugins.providers.DefaultNumberWriter and qualifiers []. The bean might have been marked as unused and removed during build.
2020-11-04 10:42:54,805 DEBUG [io.qua.res.runtime] (main) Create constructor: public org.jboss.resteasy.plugins.providers.DefaultNumberWriter()
2020-11-04 10:42:54,805 DEBUG [io.qua.arc.run.ArcRecorder] (main) No matching bean found for type class org.jboss.resteasy.plugins.providers.DefaultNumberWriter and qualifiers []. The bean might have been marked as unused and removed during build.
2020-11-04 10:42:54,806 DEBUG [io.qua.res.runtime] (main) Create constructor: public org.jboss.resteasy.plugins.providers.FileProvider()
2020-11-04 10:42:54,806 DEBUG [io.qua.arc.run.ArcRecorder] (main) No matching bean found for type class org.jboss.resteasy.plugins.providers.FileProvider and qualifiers []. The bean might have been marked as unused and removed during build.
2020-11-04 10:42:54,807 DEBUG [io.qua.res.runtime] (main) Create constructor: public org.jboss.resteasy.plugins.providers.FileProvider()
2020-11-04 10:42:54,807 DEBUG [io.qua.arc.run.ArcRecorder] (main) No matching bean found for type class org.jboss.resteasy.plugins.providers.FileProvider and qualifiers []. The bean might have been marked as unused and removed during build.
2020-11-04 10:42:54,807 DEBUG [io.qua.res.runtime] (main) Create constructor: public org.jboss.resteasy.plugins.providers.FileProvider()
2020-11-04 10:42:54,807 DEBUG [io.qua.arc.run.ArcRecorder] (main) No matching bean found for type class org.jboss.resteasy.plugins.providers.FileProvider and qualifiers []. The bean might have been marked as unused and removed during build.
2020-11-04 10:42:54,807 DEBUG [io.qua.res.runtime] (main) Create constructor: public org.jboss.resteasy.plugins.providers.FileProvider()
2020-11-04 10:42:54,807 DEBUG [io.qua.arc.run.ArcRecorder] (main) No matching bean found for type class org.jboss.resteasy.plugins.providers.FileProvider and qualifiers []. The bean might have been marked as unused and removed during build.
2020-11-04 10:42:54,807 DEBUG [io.qua.res.runtime] (main) Create constructor: public io.quarkus.resteasy.runtime.ForbiddenExceptionMapper()
2020-11-04 10:42:54,807 DEBUG [io.qua.arc.run.ArcRecorder] (main) No matching bean found for type class io.quarkus.resteasy.runtime.ForbiddenExceptionMapper and qualifiers []. The bean might have been marked as unused and removed during build.
2020-11-04 10:42:54,811 DEBUG [io.qua.res.runtime] (main) Create constructor: public org.jboss.resteasy.plugins.providers.MultiValuedParamConverterProvider()
2020-11-04 10:42:54,811 DEBUG [io.qua.arc.run.ArcRecorder] (main) No matching bean found for type class org.jboss.resteasy.plugins.providers.MultiValuedParamConverterProvider and qualifiers []. The bean might have been marked as unused and removed during build.
2020-11-04 10:42:54,813 DEBUG [io.qua.res.runtime] (main) Create constructor: public org.jboss.resteasy.plugins.providers.ByteArrayProvider()
2020-11-04 10:42:54,813 DEBUG [io.qua.arc.run.ArcRecorder] (main) No matching bean found for type class org.jboss.resteasy.plugins.providers.ByteArrayProvider and qualifiers []. The bean might have been marked as unused and removed during build.
2020-11-04 10:42:54,813 DEBUG [io.qua.res.runtime] (main) Create constructor: public org.jboss.resteasy.plugins.providers.ByteArrayProvider()
2020-11-04 10:42:54,813 DEBUG [io.qua.arc.run.ArcRecorder] (main) No matching bean found for type class org.jboss.resteasy.plugins.providers.ByteArrayProvider and qualifiers []. The bean might have been marked as unused and removed during build.
2020-11-04 10:42:54,813 DEBUG [io.qua.res.runtime] (main) Create constructor: public org.jboss.resteasy.plugins.providers.ByteArrayProvider()
2020-11-04 10:42:54,813 DEBUG [io.qua.arc.run.ArcRecorder] (main) No matching bean found for type class org.jboss.resteasy.plugins.providers.ByteArrayProvider and qualifiers []. The bean might have been marked as unused and removed during build.
2020-11-04 10:42:54,813 DEBUG [io.qua.res.runtime] (main) Create constructor: public org.jboss.resteasy.plugins.providers.ByteArrayProvider()
2020-11-04 10:42:54,814 DEBUG [io.qua.arc.run.ArcRecorder] (main) No matching bean found for type class org.jboss.resteasy.plugins.providers.ByteArrayProvider and qualifiers []. The bean might have been marked as unused and removed during build.
2020-11-04 10:42:54,814 DEBUG [io.qua.res.runtime] (main) Create constructor: public org.jboss.resteasy.plugins.providers.DefaultBooleanWriter()
2020-11-04 10:42:54,814 DEBUG [io.qua.arc.run.ArcRecorder] (main) No matching bean found for type class org.jboss.resteasy.plugins.providers.DefaultBooleanWriter and qualifiers []. The bean might have been marked as unused and removed during build.
2020-11-04 10:42:54,814 DEBUG [io.qua.res.runtime] (main) Create constructor: public org.jboss.resteasy.plugins.providers.DefaultBooleanWriter()
2020-11-04 10:42:54,814 DEBUG [io.qua.arc.run.ArcRecorder] (main) No matching bean found for type class org.jboss.resteasy.plugins.providers.DefaultBooleanWriter and qualifiers []. The bean might have been marked as unused and removed during build.
2020-11-04 10:42:54,815 DEBUG [io.qua.res.runtime] (main) Create constructor: public org.jboss.resteasy.plugins.providers.StringTextStar()
2020-11-04 10:42:54,815 DEBUG [io.qua.arc.run.ArcRecorder] (main) No matching bean found for type class org.jboss.resteasy.plugins.providers.StringTextStar and qualifiers []. The bean might have been marked as unused and removed during build.
2020-11-04 10:42:54,815 DEBUG [io.qua.res.runtime] (main) Create constructor: public org.jboss.resteasy.plugins.providers.StringTextStar()
2020-11-04 10:42:54,815 DEBUG [io.qua.arc.run.ArcRecorder] (main) No matching bean found for type class org.jboss.resteasy.plugins.providers.StringTextStar and qualifiers []. The bean might have been marked as unused and removed during build.
2020-11-04 10:42:54,815 DEBUG [io.qua.res.runtime] (main) Create constructor: public org.jboss.resteasy.plugins.providers.StringTextStar()
2020-11-04 10:42:54,815 DEBUG [io.qua.arc.run.ArcRecorder] (main) No matching bean found for type class org.jboss.resteasy.plugins.providers.StringTextStar and qualifiers []. The bean might have been marked as unused and removed during build.
2020-11-04 10:42:54,815 DEBUG [io.qua.res.runtime] (main) Create constructor: public org.jboss.resteasy.plugins.providers.StringTextStar()
2020-11-04 10:42:54,815 DEBUG [io.qua.arc.run.ArcRecorder] (main) No matching bean found for type class org.jboss.resteasy.plugins.providers.StringTextStar and qualifiers []. The bean might have been marked as unused and removed during build.
2020-11-04 10:42:54,816 DEBUG [io.qua.res.runtime] (main) Create constructor: public io.quarkus.resteasy.runtime.vertx.JsonArrayWriter()
2020-11-04 10:42:54,816 DEBUG [io.qua.arc.run.ArcRecorder] (main) No matching bean found for type class io.quarkus.resteasy.runtime.vertx.JsonArrayWriter and qualifiers []. The bean might have been marked as unused and removed during build.
2020-11-04 10:42:54,817 DEBUG [io.qua.res.runtime] (main) Create constructor: public io.quarkus.resteasy.runtime.vertx.JsonArrayWriter()
2020-11-04 10:42:54,817 DEBUG [io.qua.arc.run.ArcRecorder] (main) No matching bean found for type class io.quarkus.resteasy.runtime.vertx.JsonArrayWriter and qualifiers []. The bean might have been marked as unused and removed during build.
2020-11-04 10:42:54,817 DEBUG [io.qua.res.runtime] (main) Create constructor: public io.quarkus.resteasy.runtime.UnauthorizedExceptionMapper()
2020-11-04 10:42:54,817 DEBUG [io.qua.arc.run.ArcRecorder] (main) No matching bean found for type class io.quarkus.resteasy.runtime.UnauthorizedExceptionMapper and qualifiers []. The bean might have been marked as unused and removed during build.
2020-11-04 10:42:54,820 DEBUG [io.qua.res.runtime] (main) Create constructor: public io.quarkus.resteasy.runtime.AuthenticationFailedExceptionMapper()
2020-11-04 10:42:54,820 DEBUG [io.qua.arc.run.ArcRecorder] (main) No matching bean found for type class io.quarkus.resteasy.runtime.AuthenticationFailedExceptionMapper and qualifiers []. The bean might have been marked as unused and removed during build.
2020-11-04 10:42:54,821 DEBUG [io.qua.res.runtime] (main) Create constructor: public org.jboss.resteasy.plugins.providers.StreamingOutputProvider()
2020-11-04 10:42:54,821 DEBUG [io.qua.arc.run.ArcRecorder] (main) No matching bean found for type class org.jboss.resteasy.plugins.providers.StreamingOutputProvider and qualifiers []. The bean might have been marked as unused and removed during build.
2020-11-04 10:42:54,821 DEBUG [io.qua.res.runtime] (main) Create constructor: public org.jboss.resteasy.plugins.providers.StreamingOutputProvider()
2020-11-04 10:42:54,821 DEBUG [io.qua.arc.run.ArcRecorder] (main) No matching bean found for type class org.jboss.resteasy.plugins.providers.StreamingOutputProvider and qualifiers []. The bean might have been marked as unused and removed during build.
2020-11-04 10:42:54,822 DEBUG [io.qua.res.runtime] (main) Create constructor: public org.jboss.resteasy.plugins.providers.ReaderProvider()
2020-11-04 10:42:54,822 DEBUG [io.qua.arc.run.ArcRecorder] (main) No matching bean found for type class org.jboss.resteasy.plugins.providers.ReaderProvider and qualifiers []. The bean might have been marked as unused and removed during build.
2020-11-04 10:42:54,823 DEBUG [io.qua.res.runtime] (main) Create constructor: public org.jboss.resteasy.plugins.providers.ReaderProvider()
2020-11-04 10:42:54,823 DEBUG [io.qua.arc.run.ArcRecorder] (main) No matching bean found for type class org.jboss.resteasy.plugins.providers.ReaderProvider and qualifiers []. The bean might have been marked as unused and removed during build.
2020-11-04 10:42:54,823 DEBUG [io.qua.res.runtime] (main) Create constructor: public org.jboss.resteasy.plugins.providers.ReaderProvider()
2020-11-04 10:42:54,823 DEBUG [io.qua.arc.run.ArcRecorder] (main) No matching bean found for type class org.jboss.resteasy.plugins.providers.ReaderProvider and qualifiers []. The bean might have been marked as unused and removed during build.
2020-11-04 10:42:54,823 DEBUG [io.qua.res.runtime] (main) Create constructor: public org.jboss.resteasy.plugins.providers.ReaderProvider()
2020-11-04 10:42:54,823 DEBUG [io.qua.arc.run.ArcRecorder] (main) No matching bean found for type class org.jboss.resteasy.plugins.providers.ReaderProvider and qualifiers []. The bean might have been marked as unused and removed during build.
2020-11-04 10:42:54,824 DEBUG [io.qua.res.runtime] (main) Create constructor: public org.jboss.resteasy.plugins.providers.DataSourceProvider()
2020-11-04 10:42:54,825 DEBUG [io.qua.arc.run.ArcRecorder] (main) No matching bean found for type class org.jboss.resteasy.plugins.providers.DataSourceProvider and qualifiers []. The bean might have been marked as unused and removed during build.
2020-11-04 10:42:54,825 DEBUG [io.qua.res.runtime] (main) Create constructor: public org.jboss.resteasy.plugins.providers.DataSourceProvider()
2020-11-04 10:42:54,825 DEBUG [io.qua.arc.run.ArcRecorder] (main) No matching bean found for type class org.jboss.resteasy.plugins.providers.DataSourceProvider and qualifiers []. The bean might have been marked as unused and removed during build.
2020-11-04 10:42:54,825 DEBUG [io.qua.res.runtime] (main) Create constructor: public org.jboss.resteasy.plugins.providers.DataSourceProvider()
2020-11-04 10:42:54,825 DEBUG [io.qua.arc.run.ArcRecorder] (main) No matching bean found for type class org.jboss.resteasy.plugins.providers.DataSourceProvider and qualifiers []. The bean might have been marked as unused and removed during build.
2020-11-04 10:42:54,825 DEBUG [io.qua.res.runtime] (main) Create constructor: public org.jboss.resteasy.plugins.providers.DataSourceProvider()
2020-11-04 10:42:54,825 DEBUG [io.qua.arc.run.ArcRecorder] (main) No matching bean found for type class org.jboss.resteasy.plugins.providers.DataSourceProvider and qualifiers []. The bean might have been marked as unused and removed during build.
2020-11-04 10:42:54,826 DEBUG [io.qua.res.runtime] (main) Create constructor: public org.jboss.resteasy.plugins.providers.AsyncStreamingOutputProvider()
2020-11-04 10:42:54,826 DEBUG [io.qua.arc.run.ArcRecorder] (main) No matching bean found for type class org.jboss.resteasy.plugins.providers.AsyncStreamingOutputProvider and qualifiers []. The bean might have been marked as unused and removed during build.
2020-11-04 10:42:54,826 DEBUG [io.qua.res.runtime] (main) Create constructor: public org.jboss.resteasy.plugins.providers.AsyncStreamingOutputProvider()
2020-11-04 10:42:54,826 DEBUG [io.qua.arc.run.ArcRecorder] (main) No matching bean found for type class org.jboss.resteasy.plugins.providers.AsyncStreamingOutputProvider and qualifiers []. The bean might have been marked as unused and removed during build.
2020-11-04 10:42:54,827 DEBUG [io.qua.res.runtime] (main) Create constructor: public org.jboss.resteasy.plugins.providers.FileRangeWriter()
2020-11-04 10:42:54,827 DEBUG [io.qua.arc.run.ArcRecorder] (main) No matching bean found for type class org.jboss.resteasy.plugins.providers.FileRangeWriter and qualifiers []. The bean might have been marked as unused and removed during build.
2020-11-04 10:42:54,827 DEBUG [io.qua.res.runtime] (main) Create constructor: public org.jboss.resteasy.plugins.providers.FileRangeWriter()
2020-11-04 10:42:54,827 DEBUG [io.qua.arc.run.ArcRecorder] (main) No matching bean found for type class org.jboss.resteasy.plugins.providers.FileRangeWriter and qualifiers []. The bean might have been marked as unused and removed during build.
2020-11-04 10:42:54,828 DEBUG [io.qua.res.runtime] (main) Create constructor: public org.jboss.resteasy.plugins.providers.InputStreamProvider()
2020-11-04 10:42:54,828 DEBUG [io.qua.arc.run.ArcRecorder] (main) No matching bean found for type class org.jboss.resteasy.plugins.providers.InputStreamProvider and qualifiers []. The bean might have been marked as unused and removed during build.
2020-11-04 10:42:54,828 DEBUG [io.qua.res.runtime] (main) Create constructor: public org.jboss.resteasy.plugins.providers.InputStreamProvider()
2020-11-04 10:42:54,828 DEBUG [io.qua.arc.run.ArcRecorder] (main) No matching bean found for type class org.jboss.resteasy.plugins.providers.InputStreamProvider and qualifiers []. The bean might have been marked as unused and removed during build.
2020-11-04 10:42:54,828 DEBUG [io.qua.res.runtime] (main) Create constructor: public org.jboss.resteasy.plugins.providers.InputStreamProvider()
2020-11-04 10:42:54,828 DEBUG [io.qua.arc.run.ArcRecorder] (main) No matching bean found for type class org.jboss.resteasy.plugins.providers.InputStreamProvider and qualifiers []. The bean might have been marked as unused and removed during build.
2020-11-04 10:42:54,828 DEBUG [io.qua.res.runtime] (main) Create constructor: public org.jboss.resteasy.plugins.providers.InputStreamProvider()
2020-11-04 10:42:54,828 DEBUG [io.qua.arc.run.ArcRecorder] (main) No matching bean found for type class org.jboss.resteasy.plugins.providers.InputStreamProvider and qualifiers []. The bean might have been marked as unused and removed during build.
2020-11-04 10:42:54,845 DEBUG [io.qua.res.runtime] (main) Create resource constructor: public org.acme.GreetingResource()
2020-11-04 10:42:54,849 DEBUG [io.qua.res.runtime] (main) Create constructor: public org.jboss.resteasy.plugins.providers.sse.SseEventSinkInterceptor()
2020-11-04 10:42:54,849 DEBUG [io.qua.arc.run.ArcRecorder] (main) No matching bean found for type class org.jboss.resteasy.plugins.providers.sse.SseEventSinkInterceptor and qualifiers []. The bean might have been marked as unused and removed during build.
2020-11-04 10:42:54,850 DEBUG [io.qua.res.runtime] (main) Create constructor: public org.jboss.resteasy.plugins.interceptors.MessageSanitizerContainerResponseFilter()
2020-11-04 10:42:54,850 DEBUG [io.qua.arc.run.ArcRecorder] (main) No matching bean found for type class org.jboss.resteasy.plugins.interceptors.MessageSanitizerContainerResponseFilter and qualifiers []. The bean might have been marked as unused and removed during build.
2020-11-04 10:42:54,852 DEBUG [io.qua.res.runtime] (main) Create resource constructor: public org.acme.GreetingResource()
2020-11-04 10:42:54,931 DEBUG [io.net.uti.int.log.InternalLoggerFactory] (Thread-0) Using SLF4J as the default logging framework
2020-11-04 10:42:54,944 DEBUG [io.net.uti.int.PlatformDependent0] (Thread-0) -Dio.netty.noUnsafe: false
2020-11-04 10:42:54,944 DEBUG [io.net.uti.int.PlatformDependent0] (Thread-0) Java version: 11
2020-11-04 10:42:54,944 TRACE [io.net.uti.int.PlatformDependent0] (Thread-0) sun.misc.Unsafe.theUnsafe: available
2020-11-04 10:42:54,945 TRACE [io.net.uti.int.PlatformDependent0] (Thread-0) sun.misc.Unsafe.copyMemory: available
2020-11-04 10:42:54,945 DEBUG [io.net.uti.int.PlatformDependent0] (Thread-0) java.nio.Buffer.address: available
2020-11-04 10:42:54,945 TRACE [io.net.uti.int.PlatformDependent0] (Thread-0) direct buffer constructor: unavailable: java.lang.UnsupportedOperationException: Reflective setAccessible(true) disabled
	at io.netty.util.internal.ReflectionUtil.trySetAccessible(ReflectionUtil.java:31)
	at io.netty.util.internal.PlatformDependent0$4.run(PlatformDependent0.java:233)
	at java.base/java.security.AccessController.doPrivileged(Native Method)
	at io.netty.util.internal.PlatformDependent0.<clinit>(PlatformDependent0.java:227)
	at io.netty.util.internal.PlatformDependent.isAndroid(PlatformDependent.java:289)
	at io.netty.util.internal.PlatformDependent.<clinit>(PlatformDependent.java:92)
	at io.netty.channel.DefaultChannelId.defaultProcessId(DefaultChannelId.java:112)
	at io.netty.channel.DefaultChannelId.<clinit>(DefaultChannelId.java:77)
	at io.quarkus.netty.runtime.NettyRecorder$1.run(NettyRecorder.java:28)
	at java.base/java.lang.Thread.run(Thread.java:834)

2020-11-04 10:42:54,946 DEBUG [io.net.uti.int.PlatformDependent0] (Thread-0) java.nio.Bits.unaligned: available, true
2020-11-04 10:42:54,946 TRACE [io.net.uti.int.PlatformDependent0] (Thread-0) jdk.internal.misc.Unsafe.allocateUninitializedArray(int): unavailable: java.lang.IllegalAccessException: class io.netty.util.internal.PlatformDependent0$6 cannot access class jdk.internal.misc.Unsafe (in module java.base) because module java.base does not export jdk.internal.misc to unnamed module @1106218
	at java.base/jdk.internal.reflect.Reflection.newIllegalAccessException(Reflection.java:361)
	at java.base/java.lang.reflect.AccessibleObject.checkAccess(AccessibleObject.java:591)
	at java.base/java.lang.reflect.Method.invoke(Method.java:558)
	at io.netty.util.internal.PlatformDependent0$6.run(PlatformDependent0.java:347)
	at java.base/java.security.AccessController.doPrivileged(Native Method)
	at io.netty.util.internal.PlatformDependent0.<clinit>(PlatformDependent0.java:338)
	at io.netty.util.internal.PlatformDependent.isAndroid(PlatformDependent.java:289)
	at io.netty.util.internal.PlatformDependent.<clinit>(PlatformDependent.java:92)
	at io.netty.channel.DefaultChannelId.defaultProcessId(DefaultChannelId.java:112)
	at io.netty.channel.DefaultChannelId.<clinit>(DefaultChannelId.java:77)
	at io.quarkus.netty.runtime.NettyRecorder$1.run(NettyRecorder.java:28)
	at java.base/java.lang.Thread.run(Thread.java:834)

2020-11-04 10:42:54,947 DEBUG [io.net.uti.int.PlatformDependent0] (Thread-0) java.nio.DirectByteBuffer.<init>(long, int): unavailable
2020-11-04 10:42:54,947 DEBUG [io.net.uti.int.PlatformDependent] (Thread-0) sun.misc.Unsafe: available
2020-11-04 10:42:54,959 DEBUG [io.net.uti.int.PlatformDependent] (Thread-0) maxDirectMemory: 16835936256 bytes (maybe)
2020-11-04 10:42:55,012 DEBUG [io.net.uti.int.PlatformDependent] (Thread-0) -Dio.netty.tmpdir: /tmp (java.io.tmpdir)
2020-11-04 10:42:55,013 DEBUG [io.net.uti.int.PlatformDependent] (Thread-0) -Dio.netty.bitMode: 64 (sun.arch.data.model)
2020-11-04 10:42:55,013 DEBUG [io.net.uti.int.PlatformDependent] (Thread-0) -Dio.netty.maxDirectMemory: -1 bytes
2020-11-04 10:42:55,014 DEBUG [io.net.uti.int.PlatformDependent] (Thread-0) -Dio.netty.uninitializedArrayAllocationThreshold: -1
2020-11-04 10:42:55,015 DEBUG [io.net.uti.int.CleanerJava9] (Thread-0) java.nio.ByteBuffer.cleaner(): available
2020-11-04 10:42:55,015 DEBUG [io.net.uti.int.PlatformDependent] (Thread-0) -Dio.netty.noPreferDirect: false
2020-11-04 10:42:55,030 DEBUG [org.jbo.threads] (main) JBoss Threads version 3.1.1.Final
2020-11-04 10:42:55,034 TRACE [org.jbo.threads] (main) Changed uncaught exception handler for "Thread[executor-thread-1,5,executor]" to org.jboss.threads.LoggingUncaughtExceptionHandler@6404f418 to "org.jboss.executor.uncaught"
2020-11-04 10:42:55,034 TRACE [org.jbo.threads] (executor-thread-1) Thread "Thread[executor-thread-1,5,executor]" starting execution
2020-11-04 10:42:55,034 TRACE [org.jbo.threads] (main) Started thread "Thread[executor-thread-1,5,executor]"
2020-11-04 10:42:55,042 DEBUG [io.net.cha.DefaultChannelId] (Thread-0) -Dio.netty.processId: 313205 (auto-detected)
2020-11-04 10:42:55,046 DEBUG [io.net.cha.DefaultChannelId] (Thread-0) -Dio.netty.machineId: 63:06:22:52:c0:d1:7b:3f (user-set)
2020-11-04 10:42:55,074 DEBUG [io.net.uti.ResourceLeakDetector] (main) -Dio.netty.leakDetection.level: simple
2020-11-04 10:42:55,074 DEBUG [io.net.uti.ResourceLeakDetector] (main) -Dio.netty.leakDetection.targetRecords: 4
2020-11-04 10:42:55,081 DEBUG [io.net.uti.int.InternalThreadLocalMap] (main) -Dio.netty.threadLocalMap.stringBuilder.initialSize: 1024
2020-11-04 10:42:55,081 DEBUG [io.net.uti.int.InternalThreadLocalMap] (main) -Dio.netty.threadLocalMap.stringBuilder.maxSize: 4096
2020-11-04 10:42:55,086 DEBUG [io.net.cha.MultithreadEventLoopGroup] (main) -Dio.netty.eventLoopThreads: 16
2020-11-04 10:42:55,102 DEBUG [io.net.cha.nio.NioEventLoop] (main) -Dio.netty.noKeySetOptimization: false
2020-11-04 10:42:55,102 DEBUG [io.net.cha.nio.NioEventLoop] (main) -Dio.netty.selectorAutoRebuildThreshold: 512
2020-11-04 10:42:55,107 DEBUG [io.net.uti.int.PlatformDependent] (main) org.jctools-core.MpscChunkedArrayQueue: available
2020-11-04 10:42:55,110 TRACE [io.net.cha.nio.NioEventLoop] (main) instrumented a special java.util.Set into: sun.nio.ch.EPollSelectorImpl@3cce57c7
2020-11-04 10:42:55,111 TRACE [io.net.cha.nio.NioEventLoop] (main) instrumented a special java.util.Set into: sun.nio.ch.EPollSelectorImpl@3576ddc2
2020-11-04 10:42:55,118 TRACE [io.net.cha.nio.NioEventLoop] (main) instrumented a special java.util.Set into: sun.nio.ch.EPollSelectorImpl@35b74c5c
2020-11-04 10:42:55,118 TRACE [io.net.cha.nio.NioEventLoop] (main) instrumented a special java.util.Set into: sun.nio.ch.EPollSelectorImpl@2e570ded
2020-11-04 10:42:55,118 TRACE [io.net.cha.nio.NioEventLoop] (main) instrumented a special java.util.Set into: sun.nio.ch.EPollSelectorImpl@b86de0d
2020-11-04 10:42:55,119 TRACE [io.net.cha.nio.NioEventLoop] (main) instrumented a special java.util.Set into: sun.nio.ch.EPollSelectorImpl@81d9a72
2020-11-04 10:42:55,119 TRACE [io.net.cha.nio.NioEventLoop] (main) instrumented a special java.util.Set into: sun.nio.ch.EPollSelectorImpl@747f281
2020-11-04 10:42:55,119 TRACE [io.net.cha.nio.NioEventLoop] (main) instrumented a special java.util.Set into: sun.nio.ch.EPollSelectorImpl@1169afe1
2020-11-04 10:42:55,119 TRACE [io.net.cha.nio.NioEventLoop] (main) instrumented a special java.util.Set into: sun.nio.ch.EPollSelectorImpl@2ca26d77
2020-11-04 10:42:55,119 TRACE [io.net.cha.nio.NioEventLoop] (main) instrumented a special java.util.Set into: sun.nio.ch.EPollSelectorImpl@4808bc9b
2020-11-04 10:42:55,120 TRACE [io.net.cha.nio.NioEventLoop] (main) instrumented a special java.util.Set into: sun.nio.ch.EPollSelectorImpl@70e38ce1
2020-11-04 10:42:55,120 TRACE [io.net.cha.nio.NioEventLoop] (main) instrumented a special java.util.Set into: sun.nio.ch.EPollSelectorImpl@2ca923bb
2020-11-04 10:42:55,120 TRACE [io.net.cha.nio.NioEventLoop] (main) instrumented a special java.util.Set into: sun.nio.ch.EPollSelectorImpl@13df2a8c
2020-11-04 10:42:55,120 TRACE [io.net.cha.nio.NioEventLoop] (main) instrumented a special java.util.Set into: sun.nio.ch.EPollSelectorImpl@1ebea008
2020-11-04 10:42:55,120 TRACE [io.net.cha.nio.NioEventLoop] (main) instrumented a special java.util.Set into: sun.nio.ch.EPollSelectorImpl@72d6b3ba
2020-11-04 10:42:55,121 TRACE [io.net.cha.nio.NioEventLoop] (main) instrumented a special java.util.Set into: sun.nio.ch.EPollSelectorImpl@1787f2a0
2020-11-04 10:42:55,121 TRACE [io.net.cha.nio.NioEventLoop] (main) instrumented a special java.util.Set into: sun.nio.ch.EPollSelectorImpl@15f47664
2020-11-04 10:42:55,147 DEBUG [io.qua.ver.cor.run.VertxCoreRecorder] (main) Vertx has Native Transport Enabled: false
2020-11-04 10:42:55,223 DEBUG [io.net.buf.PooledByteBufAllocator] (vert.x-eventloop-thread-1) -Dio.netty.allocator.numHeapArenas: 16
2020-11-04 10:42:55,224 DEBUG [io.net.buf.PooledByteBufAllocator] (vert.x-eventloop-thread-1) -Dio.netty.allocator.numDirectArenas: 16
2020-11-04 10:42:55,224 DEBUG [io.net.buf.PooledByteBufAllocator] (vert.x-eventloop-thread-1) -Dio.netty.allocator.pageSize: 8192
2020-11-04 10:42:55,224 DEBUG [io.net.buf.PooledByteBufAllocator] (vert.x-eventloop-thread-1) -Dio.netty.allocator.maxOrder: 1
2020-11-04 10:42:55,224 DEBUG [io.net.buf.PooledByteBufAllocator] (vert.x-eventloop-thread-1) -Dio.netty.allocator.chunkSize: 16384
2020-11-04 10:42:55,224 DEBUG [io.net.buf.PooledByteBufAllocator] (vert.x-eventloop-thread-1) -Dio.netty.allocator.tinyCacheSize: 512
2020-11-04 10:42:55,224 DEBUG [io.net.buf.PooledByteBufAllocator] (vert.x-eventloop-thread-1) -Dio.netty.allocator.smallCacheSize: 256
2020-11-04 10:42:55,224 DEBUG [io.net.buf.PooledByteBufAllocator] (vert.x-eventloop-thread-1) -Dio.netty.allocator.normalCacheSize: 64
2020-11-04 10:42:55,225 DEBUG [io.net.buf.PooledByteBufAllocator] (vert.x-eventloop-thread-1) -Dio.netty.allocator.maxCachedBufferCapacity: 32768
2020-11-04 10:42:55,225 DEBUG [io.net.buf.PooledByteBufAllocator] (vert.x-eventloop-thread-1) -Dio.netty.allocator.cacheTrimInterval: 8192
2020-11-04 10:42:55,225 DEBUG [io.net.buf.PooledByteBufAllocator] (vert.x-eventloop-thread-1) -Dio.netty.allocator.cacheTrimIntervalMillis: 0
2020-11-04 10:42:55,225 DEBUG [io.net.buf.PooledByteBufAllocator] (vert.x-eventloop-thread-1) -Dio.netty.allocator.useCacheForAllThreads: true
2020-11-04 10:42:55,225 DEBUG [io.net.buf.PooledByteBufAllocator] (vert.x-eventloop-thread-1) -Dio.netty.allocator.maxCachedByteBuffersPerChunk: 1023
2020-11-04 10:42:55,263 DEBUG [io.net.buf.ByteBufUtil] (vert.x-eventloop-thread-1) -Dio.netty.allocator.type: pooled
2020-11-04 10:42:55,264 DEBUG [io.net.buf.ByteBufUtil] (vert.x-eventloop-thread-1) -Dio.netty.threadLocalDirectBufferSize: 0
2020-11-04 10:42:55,264 DEBUG [io.net.buf.ByteBufUtil] (vert.x-eventloop-thread-1) -Dio.netty.maxThreadLocalCharBufferSize: 16384
2020-11-04 10:42:55,265 DEBUG [io.net.uti.NetUtil] (vert.x-eventloop-thread-1) -Djava.net.preferIPv4Stack: false
2020-11-04 10:42:55,265 DEBUG [io.net.uti.NetUtil] (vert.x-eventloop-thread-1) -Djava.net.preferIPv6Addresses: false
2020-11-04 10:42:55,266 DEBUG [io.net.uti.NetUtil] (vert.x-eventloop-thread-1) Loopback interface: lo (lo, 0:0:0:0:0:0:0:1%lo)
2020-11-04 10:42:55,267 DEBUG [io.net.uti.NetUtil] (vert.x-eventloop-thread-1) /proc/sys/net/core/somaxconn: 4096
2020-11-04 10:42:55,281 INFO  [io.quarkus] (main) quarkus-getting-started 1.0.0-SNAPSHOT on JVM (powered by Quarkus 1.8.3.Final) started in 0.827s. Listening on: http://0.0.0.0:8080
2020-11-04 10:42:55,281 INFO  [io.quarkus] (main) Profile dev activated. 
2020-11-04 10:42:55,281 INFO  [io.quarkus] (main) Installed features: [cdi, config-yaml, resteasy]
